
Logging to work/primates-ncbi-2015-2020.csv.new.log
Node counts: 1835 2097
** Multiple least-bad matches. Need to find tie-breakers.
   B.Papio cynocephalus -> ['A.Papio anubis', 'A.Papio ursinus']
# Best: B.Galagoides matches A.Galagoides
# Best: B.Galagoides demidoff matches A.Galagoides demidoff
# Best: B.Galagoides zanzibaricus matches A.Galagoides zanzibaricus
# Best: B.Galagoides orinus matches A.Galagoides orinus
# Best: B.Galagoides thomasi matches A.Galago thomasi
# Best: B.Galagoides cocos matches A.Galagoides cocos
# Best: none
# Best: none
# Best: none
# Best: none
# Best: A.Galagoides matches B.Galagoides
# Best: A.Galagoides demidoff matches B.Galagoides demidoff
# Best: A.Galagoides zanzibaricus matches B.Galagoides zanzibaricus
# Best: A.Galagoides orinus matches B.Galagoides orinus
# Best: A.Galagoides cocos matches B.Galagoides cocos
1663 best matches
# B.Galagoides demidoff murinus is unmatched
# B.Galagoides demidoff is a tipward match, keeping: B.Galagoides demidoff matches A.Galagoides demidoff
# B.Galagoides zanzibaricus udzungwensis is unmatched
# B.Galagoides zanzibaricus zanzibaricus is unmatched
# B.Galagoides zanzibaricus is a tipward match, keeping: B.Galagoides zanzibaricus matches A.Galagoides zanzibaricus
# B.Galagoides orinus is a tipward match, keeping: B.Galagoides orinus matches A.Galagoides orinus
# B.Galagoides thomasi is a tipward match, keeping: B.Galagoides thomasi matches A.Galago thomasi
# B.Galagoides cocos is a tipward match, keeping: B.Galagoides cocos matches A.Galagoides cocos
# B.Galagoides rondoensis is unmatched
# B.Galagoides: descendant matches, not keeping: B.Galagoides cocos matches A.Galagoides cocos
# A.Galagoides demidoff is a tipward match, keeping: A.Galagoides demidoff matches B.Galagoides demidoff
# A.Galagoides zanzibaricus is a tipward match, keeping: A.Galagoides zanzibaricus matches B.Galagoides zanzibaricus
# A.Galagoides orinus is a tipward match, keeping: A.Galagoides orinus matches B.Galagoides orinus
# A.Galagoides cocos is a tipward match, keeping: A.Galagoides cocos matches B.Galagoides cocos
# A.Galagoides: descendant matches, not keeping: A.Galagoides cocos matches B.Galagoides cocos
# Split/lump A.Nycticebus intermedius ∨ A.Nycticebus pygmaeus -> B.Nycticebus pygmaeus -> A.Nycticebus
# Mutually matched: B.Galagoides matches A.Galagoides
# Mutually matched: B.Galagoides demidoff matches A.Galagoides demidoff
# Mutually matched: B.Galagoides zanzibaricus matches A.Galagoides zanzibaricus
# Mutually matched: B.Galagoides orinus matches A.Galagoides orinus
# Mutually matched: B.Galagoides thomasi matches A.Galago thomasi
# Mutually matched: B.Galagoides cocos matches A.Galagoides cocos
# Mutually matched: A.Galagoides matches B.Galagoides
# Mutually matched: A.Galagoides demidoff matches B.Galagoides demidoff
# Mutually matched: A.Galagoides zanzibaricus matches B.Galagoides zanzibaricus
# Mutually matched: A.Galagoides orinus matches B.Galagoides orinus
# Mutually matched: A.Galagoides cocos matches B.Galagoides cocos
# B.Galagoides demidoff murinus is unmatched
# B.Galagoides demidoff is a tipward match, keeping: B.Galagoides demidoff matches A.Galagoides demidoff
# B.Galagoides zanzibaricus udzungwensis is unmatched
# B.Galagoides zanzibaricus zanzibaricus is unmatched
# B.Galagoides zanzibaricus is a tipward match, keeping: B.Galagoides zanzibaricus matches A.Galagoides zanzibaricus
# B.Galagoides orinus is a tipward match, keeping: B.Galagoides orinus matches A.Galagoides orinus
# B.Galagoides thomasi is a tipward match, keeping: B.Galagoides thomasi matches A.Galago thomasi
# B.Galagoides cocos is a tipward match, keeping: B.Galagoides cocos matches A.Galagoides cocos
# B.Galagoides rondoensis is unmatched
# B.Galagoides: descendant matches, not keeping: B.Galagoides cocos matches A.Galagoides cocos
# A.Galagoides demidoff is a tipward match, keeping: A.Galagoides demidoff matches B.Galagoides demidoff
# A.Galagoides zanzibaricus is a tipward match, keeping: A.Galagoides zanzibaricus matches B.Galagoides zanzibaricus
# A.Galagoides orinus is a tipward match, keeping: A.Galagoides orinus matches B.Galagoides orinus
# A.Galagoides cocos is a tipward match, keeping: A.Galagoides cocos matches B.Galagoides cocos
# A.Galagoides: descendant matches, not keeping: A.Galagoides cocos matches B.Galagoides cocos
# Number of particles: 608
# Cross-mrca(B.Galagoides demidoff) = A.Galagoides demidoff
# Cross-mrca(B.Galagoides zanzibaricus) = A.Galagoides zanzibaricus
# Cross-mrca(B.Galagoides orinus) = A.Galagoides orinus
# Cross-mrca(B.Galagoides thomasi) = A.Galago thomasi
# Cross-mrca(B.Galagoides cocos) = A.Galagoides cocos
# Cross-mrca(B.Galagoides) = A.Galagidae
# Cross-mrca(A.Galagoides demidoff) = B.Galagoides demidoff
# Cross-mrca(A.Galagoides zanzibaricus) = B.Galagoides zanzibaricus
# Cross-mrca(A.Galagoides orinus) = B.Galagoides orinus
# Cross-mrca(A.Galagoides cocos) = B.Galagoides cocos
# Cross-mrca(A.Galagoides) = B.Galagoides
# Number of cross-mrcas: 1687
** A.Chiromyiformes (x) conflicts with B.Strepsirrhini (y) because:
   B.Lorisiformes (c) is a child of y,
   B.Lorisidae (d) and B.Galagidae (e) are descendants of c,
   and d < x while e ! x
** A.Galago (x) conflicts with B.Galagidae (y) because:
   B.Galagoides (c) is a child of y,
   B.Galagoides thomasi (d) and B.Galagoides orinus (e) are descendants of c,
   and d < x while e ! x
# EM: particle. A.Galagoides demidoff matches B.Galagoides demidoff
# EM: particle. A.Galagoides zanzibaricus matches B.Galagoides zanzibaricus
# EM: particle. A.Galagoides orinus matches B.Galagoides orinus
# EM: particle. A.Galagoides cocos matches B.Galagoides cocos
# Extensional articulation A.Galagoides < B.Galagoides
# EM: B.Galagoides demidoff murinus is descendant of particle.
# EM: particle. B.Galagoides demidoff matches A.Galagoides demidoff
# EM: B.Galagoides zanzibaricus udzungwensis is descendant of particle.
# EM: B.Galagoides zanzibaricus zanzibaricus is descendant of particle.
# EM: particle. B.Galagoides zanzibaricus matches A.Galagoides zanzibaricus
# EM: particle. B.Galagoides orinus matches A.Galagoides orinus
# EM: particle. B.Galagoides thomasi matches A.Galago thomasi
# EM: particle. B.Galagoides cocos matches A.Galagoides cocos
# EM: B.Galagoides rondoensis is descendant of particle.
** B.Galagoides (x) conflicts with A.Galagidae (y) because:
   A.Galago (c) is a child of y,
   A.Galago thomasi (d) and A.Galago granti (e) are descendants of c,
   and d < x while e ! x
# Extensional articulation B.Galagoides >< A.Galagidae
** B.Lorisiformes (x) conflicts with A.Strepsirrhini (y) because:
   A.Chiromyiformes (c) is a child of y,
   A.Lorisidae (d) and A.Daubentoniidae (e) are descendants of c,
   and d < x while e ! x
# Number of extensional relationships: 1687
# Chain(B.Galagoides thomasi) - articulation is B.Galagoides thomasi matches A.Galago thomasi
# Chain - setting anchor: B.Galagoides thomasi
# Chain B.Galagoides thomasi - no back-articulation from A.Galago: A.Galago >< B.Galagidae
# Chain B.Galagoides thomasi = [A.Galago thomasi]
# Extensional + intensional match: B.Galagoides thomasi matches A.Galago thomasi
# Chain(A.Galagoides demidoff) - articulation is A.Galagoides demidoff matches B.Galagoides demidoff
# Chain - setting anchor: A.Galagoides demidoff
# Chain A.Galagoides demidoff - no back-articulation from B.Galagoides: B.Galagoides >< A.Galagidae
# Chain A.Galagoides demidoff = [B.Galagoides demidoff]
# Extensional + intensional match: A.Galagoides demidoff matches B.Galagoides demidoff
# Chain(B.Galagoides demidoff) - articulation is B.Galagoides demidoff matches A.Galagoides demidoff
# Chain - setting anchor: B.Galagoides demidoff
# Chain B.Galagoides demidoff - no back-articulation from A.Galagoides: A.Galagoides < B.Galagoides
# Chain B.Galagoides demidoff = [A.Galagoides demidoff]
# Extensional + intensional match: B.Galagoides demidoff matches A.Galagoides demidoff
# Matching extensionally: A.Galagoides demidoff = B.Galagoides demidoff
# Chain(A.Galagoides zanzibaricus) - articulation is A.Galagoides zanzibaricus matches B.Galagoides zanzibaricus
# Chain - setting anchor: A.Galagoides zanzibaricus
# Chain A.Galagoides zanzibaricus - no back-articulation from B.Galagoides: B.Galagoides >< A.Galagidae
# Chain A.Galagoides zanzibaricus = [B.Galagoides zanzibaricus]
# Extensional + intensional match: A.Galagoides zanzibaricus matches B.Galagoides zanzibaricus
# Chain(B.Galagoides zanzibaricus) - articulation is B.Galagoides zanzibaricus matches A.Galagoides zanzibaricus
# Chain - setting anchor: B.Galagoides zanzibaricus
# Chain B.Galagoides zanzibaricus - no back-articulation from A.Galagoides: A.Galagoides < B.Galagoides
# Chain B.Galagoides zanzibaricus = [A.Galagoides zanzibaricus]
# Extensional + intensional match: B.Galagoides zanzibaricus matches A.Galagoides zanzibaricus
# Matching extensionally: A.Galagoides zanzibaricus = B.Galagoides zanzibaricus
# Chain(A.Galagoides orinus) - articulation is A.Galagoides orinus matches B.Galagoides orinus
# Chain - setting anchor: A.Galagoides orinus
# Chain A.Galagoides orinus - no back-articulation from B.Galagoides: B.Galagoides >< A.Galagidae
# Chain A.Galagoides orinus = [B.Galagoides orinus]
# Extensional + intensional match: A.Galagoides orinus matches B.Galagoides orinus
# Chain(B.Galagoides orinus) - articulation is B.Galagoides orinus matches A.Galagoides orinus
# Chain - setting anchor: B.Galagoides orinus
# Chain B.Galagoides orinus - no back-articulation from A.Galagoides: A.Galagoides < B.Galagoides
# Chain B.Galagoides orinus = [A.Galagoides orinus]
# Extensional + intensional match: B.Galagoides orinus matches A.Galagoides orinus
# Matching extensionally: A.Galagoides orinus = B.Galagoides orinus
# Chain(A.Galagoides cocos) - articulation is A.Galagoides cocos matches B.Galagoides cocos
# Chain - setting anchor: A.Galagoides cocos
# Chain A.Galagoides cocos - no back-articulation from B.Galagoides: B.Galagoides >< A.Galagidae
# Chain A.Galagoides cocos = [B.Galagoides cocos]
# Extensional + intensional match: A.Galagoides cocos matches B.Galagoides cocos
# Chain(B.Galagoides cocos) - articulation is B.Galagoides cocos matches A.Galagoides cocos
# Chain - setting anchor: B.Galagoides cocos
# Chain B.Galagoides cocos - no back-articulation from A.Galagoides: A.Galagoides < B.Galagoides
# Chain B.Galagoides cocos = [A.Galagoides cocos]
# Extensional + intensional match: B.Galagoides cocos matches A.Galagoides cocos
# Matching extensionally: A.Galagoides cocos = B.Galagoides cocos
# Chain(A.Galagoides) - articulation is A.Galagoides < B.Galagoides
# Chain A.Galagoides = []
# No extensionally equal matches to A.Galagoides
# Non-equal articulation: A.Galagoides < B.Galagoides
# Matching extensionally: A.Galagoides < B.Galagoides
** Multiple matches: A.Alouatta guariba -> B.Alouatta guariba clamitans, B.Alouatta guariba
** Multiple matches: A.Cercopithecidae -> B.Cercopithecidae, B.Cercopithecoidea
** Multiple matches: A.Tarsius -> B.Tarsiidae, B.Tarsiiformes
** Multiple matches: B.Chiromyiformes -> A.Daubentonia madagascariensis, A.Daubentonia, A.Daubentoniidae
# Chain(B.Galagoides demidoff) - articulation is B.Galagoides demidoff matches A.Galagoides demidoff
# Chain - setting anchor: B.Galagoides demidoff
# Chain B.Galagoides demidoff - no back-articulation from A.Galagoides: A.Galagoides < B.Galagoides
# Chain B.Galagoides demidoff = [A.Galagoides demidoff]
# Extensional + intensional match: B.Galagoides demidoff matches A.Galagoides demidoff
# Chain(A.Galagoides demidoff) - articulation is A.Galagoides demidoff matches B.Galagoides demidoff
# Chain - setting anchor: A.Galagoides demidoff
# Chain A.Galagoides demidoff - no back-articulation from B.Galagoides: B.Galagoides >< A.Galagidae
# Chain A.Galagoides demidoff = [B.Galagoides demidoff]
# Extensional + intensional match: A.Galagoides demidoff matches B.Galagoides demidoff
# Matching extensionally: B.Galagoides demidoff = A.Galagoides demidoff
# Chain(B.Galagoides zanzibaricus) - articulation is B.Galagoides zanzibaricus matches A.Galagoides zanzibaricus
# Chain - setting anchor: B.Galagoides zanzibaricus
# Chain B.Galagoides zanzibaricus - no back-articulation from A.Galagoides: A.Galagoides < B.Galagoides
# Chain B.Galagoides zanzibaricus = [A.Galagoides zanzibaricus]
# Extensional + intensional match: B.Galagoides zanzibaricus matches A.Galagoides zanzibaricus
# Chain(A.Galagoides zanzibaricus) - articulation is A.Galagoides zanzibaricus matches B.Galagoides zanzibaricus
# Chain - setting anchor: A.Galagoides zanzibaricus
# Chain A.Galagoides zanzibaricus - no back-articulation from B.Galagoides: B.Galagoides >< A.Galagidae
# Chain A.Galagoides zanzibaricus = [B.Galagoides zanzibaricus]
# Extensional + intensional match: A.Galagoides zanzibaricus matches B.Galagoides zanzibaricus
# Matching extensionally: B.Galagoides zanzibaricus = A.Galagoides zanzibaricus
# Chain(B.Galagoides orinus) - articulation is B.Galagoides orinus matches A.Galagoides orinus
# Chain - setting anchor: B.Galagoides orinus
# Chain B.Galagoides orinus - no back-articulation from A.Galagoides: A.Galagoides < B.Galagoides
# Chain B.Galagoides orinus = [A.Galagoides orinus]
# Extensional + intensional match: B.Galagoides orinus matches A.Galagoides orinus
# Chain(A.Galagoides orinus) - articulation is A.Galagoides orinus matches B.Galagoides orinus
# Chain - setting anchor: A.Galagoides orinus
# Chain A.Galagoides orinus - no back-articulation from B.Galagoides: B.Galagoides >< A.Galagidae
# Chain A.Galagoides orinus = [B.Galagoides orinus]
# Extensional + intensional match: A.Galagoides orinus matches B.Galagoides orinus
# Matching extensionally: B.Galagoides orinus = A.Galagoides orinus
# Chain(B.Galagoides thomasi) - articulation is B.Galagoides thomasi matches A.Galago thomasi
# Chain - setting anchor: B.Galagoides thomasi
# Chain B.Galagoides thomasi - no back-articulation from A.Galago: A.Galago >< B.Galagidae
# Chain B.Galagoides thomasi = [A.Galago thomasi]
# Extensional + intensional match: B.Galagoides thomasi matches A.Galago thomasi
# Matching extensionally: B.Galagoides thomasi = A.Galago thomasi
# Chain(B.Galagoides cocos) - articulation is B.Galagoides cocos matches A.Galagoides cocos
# Chain - setting anchor: B.Galagoides cocos
# Chain B.Galagoides cocos - no back-articulation from A.Galagoides: A.Galagoides < B.Galagoides
# Chain B.Galagoides cocos = [A.Galagoides cocos]
# Extensional + intensional match: B.Galagoides cocos matches A.Galagoides cocos
# Chain(A.Galagoides cocos) - articulation is A.Galagoides cocos matches B.Galagoides cocos
# Chain - setting anchor: A.Galagoides cocos
# Chain A.Galagoides cocos - no back-articulation from B.Galagoides: B.Galagoides >< A.Galagidae
# Chain A.Galagoides cocos = [B.Galagoides cocos]
# Extensional + intensional match: A.Galagoides cocos matches B.Galagoides cocos
# Matching extensionally: B.Galagoides cocos = A.Galagoides cocos
# Chain(B.Galagoides) - articulation is B.Galagoides >< A.Galagidae
# Chain B.Galagoides = []
# No extensionally equal matches to B.Galagoides
# Non-equal articulation: B.Galagoides >< A.Galagidae
# Matching extensionally: B.Galagoides >< A.Galagidae
** Multiple matches: B.Alouatta guariba -> A.Alouatta guariba clamitans, A.Alouatta guariba
** Multiple matches: B.Cercopithecidae -> A.Cercopithecidae, A.Cercopithecoidea
# Number of articulations in alignment: 1698
Preparing work/primates-ncbi-2015-2020.csv.new
Number of roots in merge: 1
Number of non-roots in merge: 1000
# Changed status: 918, changed: 136
** Galago names different taxa in the two checklists
  A.Galago >< B.Galagidae [B.Galagoides thomasi is in; its sibling B.Galagoides orinus is not]
  B.Galago < A.Galago [A.Galago thomasi is not in it]
** Tarsius names different taxa in the two checklists
  A.Tarsius particle-set<= B.Tarsiidae [mutual-cross-mrca]
  B.Tarsius < A.Tarsius [A.Tarsius syrichta is not in it]
** Saguinus names different taxa in the two checklists
  A.Saguinus < B.Callitrichinae [B.Mico is not in it]
  B.Saguinus < A.Saguinus [A.Saguinus cruzlimai is not in it]
** Alouatta seniculus names different taxa in the two checklists
  A.Alouatta seniculus < B.Alouatta [B.Alouatta guariba is not in it]
  B.Alouatta seniculus = A.Alouatta seniculus seniculus [monotypic]
** Callicebus names different taxa in the two checklists
  A.Callicebus = B.Callicebinae [mutual-cross-mrca]
  B.Callicebus < A.Callicebus [A.Callicebus purinus is not in it]
** Cercopithecus names different taxa in the two checklists
  A.Cercopithecus < B.Cercopithecinae [B.Chlorocebus is not in it]
  B.Cercopithecus < A.Cercopithecus [A.Cercopithecus solatus is not in it]
** Macaca fuscata fuscata names different taxa in the two checklists
  A.Macaca fuscata fuscata particle-set<= B.Macaca fuscata [synonym+canonicalName+synonym]
  B.Macaca fuscata fuscata particle-set<= A.Macaca fuscata [synonym+canonicalName+synonym]
** Macaca nemestrina names different taxa in the two checklists
  A.Macaca nemestrina < B.Macaca [B.unclassified Macaca is not in it]
  B.Macaca nemestrina = A.Macaca nemestrina nemestrina [monotypic]
** Pongo abelii names different taxa in the two checklists
  A.Pongo abelii particle-set<= B.Pongo pygmaeus [synonym+canonicalName+synonym]
  B.Pongo abelii particle-set<= A.Pongo pygmaeus [synonym+canonicalName+synonym]
** Saimiri boliviensis boliviensis names different taxa in the two checklists
  A.Saimiri boliviensis boliviensis particle-set<= B.Saimiri boliviensis [synonym+canonicalName+synonym]
  B.Saimiri boliviensis boliviensis particle-set<= A.Saimiri boliviensis [synonym+canonicalName+synonym]
** Semnopithecus entellus names different taxa in the two checklists
  A.Semnopithecus entellus < B.Semnopithecus [B.Semnopithecus hypoleucos is not in it]
  B.Semnopithecus entellus = A.Semnopithecus entellus entellus [monotypic]
** Galagoides names different taxa in the two checklists
  A.Galagoides < B.Galagoides [B.Galagoides thomasi is not in it]
  B.Galagoides >< A.Galagidae [A.Galago thomasi is in; its sibling A.Galago granti is not]
** unclassified Ateles names different taxa in the two checklists
  A.unclassified Ateles < B.unclassified Ateles [B.Ateles sp. is not in it]
  B.unclassified Ateles < A.Ateles [A.Ateles marginatus is not in it]
** Alouatta guariba names different taxa in the two checklists
  A.Alouatta guariba particle-set<= B.Alouatta guariba clamitans [monotypic]
  B.Alouatta guariba particle-set<= A.Alouatta guariba clamitans [monotypic]
** Macaca leonina names different taxa in the two checklists
  A.Macaca leonina matches B.Macaca leonina [canonicalName]
  B.Macaca leonina = A.Macaca nemestrina leonina [ncbi_id]
** Chiromyiformes names different taxa in the two checklists
  A.Chiromyiformes >< B.Strepsirrhini [B.Lorisidae is in; its sibling B.Galagidae is not]
  B.Chiromyiformes particle-set<= A.Daubentonia madagascariensis [monotypic]
** Lorisiformes names different taxa in the two checklists
  A.Lorisiformes = B.Galagidae [monotypic]
  B.Lorisiformes >< A.Strepsirrhini [A.Lorisidae is in; its sibling A.Daubentoniidae is not]
** Macaca siberu names different taxa in the two checklists
  A.Macaca siberu matches B.Macaca siberu [scientificName]
  B.Macaca siberu = A.Macaca nemestrina siberu [ncbi_id]
** Semnopithecus priam names different taxa in the two checklists
  A.Semnopithecus priam matches B.Semnopithecus priam [scientificName]
  B.Semnopithecus priam = A.Semnopithecus entellus priam [None]
