
Logging to work/primates-ncbi-gbif.csv.new.log
# Validated 978 accepted nodes, 1119 synonyms, total 2097
No such property: datasetID
No such property: originalNameUsageID
No such property: genericName
No such property: nameAccordingTo
No such property: namePublishedIn
No such property: taxonRemarks
No such property: kingdom
No such property: phylum
No such property: class
No such property: order
# Validated 2686 accepted nodes, 2387 synonyms, total 5073
Node counts: 2097 5073
Aligning ...
1400 best matches
# Split/lump A.Ateles fusciceps robustus + A.Ateles fusciceps rufiventris < B.Ateles fusciceps rufiventris < A.Ateles fusciceps
# Split/lump A.Ateles geoffroyi panamensis + A.Ateles geoffroyi ornatus < B.Ateles geoffroyi ornatus < A.Ateles geoffroyi
# Split/lump A.Ateles geoffroyi vellerosus + A.Ateles geoffroyi yucatanensis < B.Ateles geoffroyi vellerosus < A.Ateles geoffroyi
# Split/lump A.Cercopithecus pogonias grayi + A.Cercopithecus pogonias schwarzianus < B.Cercopithecus pogonias grayi < A.Cercopithecus pogonias
# Split/lump A.Nomascus concolor jingdongensis + A.Nomascus concolor furvogaster + A.Nomascus concolor concolor < B.Nomascus concolor concolor < A.Nomascus concolor
# Split/lump A.Pan troglodytes troglodytes + A.Pan troglodytes vellerosus < B.Pan troglodytes troglodytes < A.Pan troglodytes
# Split/lump B.Eulemur collaris#9812996 + B.Lemur collaris < A.Eulemur fulvus collaris < B.Eulemur#2436417
# Split/lump B.Pachylemur#5428934 + B.Pachylemur#7237035 < A.Pachylemur < B.Lemuridae
# Split/lump B.Alouatta macconnelli#7913455 + B.Alouatta macconnelli#4267232 < A.Alouatta macconnelli < B.Alouatta
# Split/lump B.Alouatta nigerrima + B.Alouatta belzebul < A.Alouatta belzebul < B.Alouatta
# Split/lump B.Lepilemur ahmansoni + B.Lepilemur ahmansonorum < A.Lepilemur ahmansonorum < B.Lepilemur
# Split/lump B.Chiropotes sagulatus + B.Chiropotes chiropotes < A.Chiropotes chiropotes < B.Chiropotes
# Split/lump B.Pongo tapanuliensis#9311132 + B.Pongo tapanuliensis#9529876 < A.Pongo tapanuliensis < B.Pongo#5219531
# No return cross-MRCA for B.Cercocebus torquatus lunulatus -> A.Cercocebus atys lunulatus -> ...
# No return cross-MRCA for B.Allochrocebus preussi insularis -> A.Allochrocebus preussi insularis -> ...
# No return cross-MRCA for B.Saimiri collinsi -> A.Saimiri sciureus collinsi -> ...
# No return cross-MRCA for B.Saimiri macrodon -> A.Saimiri sciureus macrodon -> ...
# No return cross-MRCA for B.Saimiri cassiquiarensis albigena -> A.Saimiri sciureus albigena -> ...
# No return cross-MRCA for B.Saimiri cassiquiarensis -> A.Saimiri sciureus albigena -> ...
# Number of cross-mrcas: 1328
** A.Lepilemuridae (x) conflicts with B.Primates (y) because
   B.Hapalemur in x isn't in y (its sibling B.Megaladapis is)
** A.Loris tardigradus (x) conflicts with B.Loris (y) because
   B.Loris lydekkerianus lydekkerianus in x isn't in y (its sibling B.Loris lydekkerianus nordicus is)
** A.Loris lydekkerianus (x) conflicts with B.Loris (y) because
   B.Loris lydekkerianus nordicus in x isn't in y (its sibling B.Loris lydekkerianus lydekkerianus is)
** A.Galago (x) conflicts with B.Galagidae (y) because
   B.Paragalago zanzibaricus in x isn't in y (its sibling B.Paragalago granti is)
** A.Galagoides (x) conflicts with B.Galagidae (y) because
   B.Paragalago cocos in x isn't in y (its sibling B.Paragalago rondoensis is)
** A.Callithrix#9481 (x) conflicts with B.Callitrichidae (y) because
   B.Mico argentatus in x isn't in y (its sibling B.Mico humilis is)
** A.Pitheciidae (x) conflicts with B.Primates (y) because
   B.Brachyteles in x isn't in y (its sibling B.Xenothrix is)
** A.Callicebus (x) conflicts with B.Pitheciidae (y) because
   B.Plecturocebus cinerascens in x isn't in y (its sibling B.Plecturocebus discolor is)
** A.Trachypithecus (x) conflicts with B.Cercopithecidae (y) because
   B.Semnopithecus entellus in x isn't in y (its sibling B.Semnopithecus vetulus is)
** A.Trachypithecus phayrei (x) conflicts with B.Trachypithecus (y) because
   B.Trachypithecus phayrei phayrei in x isn't in y (its sibling B.Trachypithecus phayrei shanicus is)
** B.Lemuridae (x) conflicts with A.Lemuriformes (y) because
   A.Lepilemur in x isn't in y (its sibling A.Megaladapis is)
** B.Atelidae (x) conflicts with A.Platyrrhini (y) because
   A.Callicebinae in x isn't in y (its sibling A.Xenothricinae is)
** B.Plecturocebus (x) conflicts with A.Callicebinae (y) because
   A.Callicebus coimbrai in x isn't in y (its sibling A.Callicebus discolor is)
** B.Trachypithecus phayrei (x) conflicts with A.Trachypithecus (y) because
   A.Trachypithecus phayrei crepuscula in x isn't in y (its sibling A.Trachypithecus phayrei shanicus is)
** B.Semnopithecus (x) conflicts with A.Colobinae (y) because
   A.Trachypithecus francoisi in x isn't in y (its sibling A.Trachypithecus vetulus is)
** B.Mico (x) conflicts with A.Callitrichinae (y) because
   A.Cebuella in x isn't in y (its sibling A.Calibella is)
** B.Loris lydekkerianus (x) conflicts with A.Loris (y) because
   A.Loris tardigradus tardigradus in x isn't in y (its sibling A.Loris tardigradus nordicus is)
** B.Loris tardigradus (x) conflicts with A.Loris (y) because
   A.Loris tardigradus nordicus in x isn't in y (its sibling A.Loris tardigradus tardigradus is)
B.Saimiri cassiquiarensis <= A.Saimiri sciureus albigena <= nowhere
** B.Paragalago (x) conflicts with A.Galagidae (y) because
   A.Galago gabonensis in x isn't in y (its sibling A.Galago granti is)
# Number of extensional relationships: 367
  ... finished aligning; 1324 articulations

Merged.  1 roots in merge, 3120 nodes with parents
# 333 nodes in merge have some change in their descendants
# Perodicticus names different taxa in the two checklists
  B.Perodicticus = A.Perodicticus potto [presumed mutual]
# Perodicticus potto names different taxa in the two checklists
  A.Perodicticus potto = B.Perodicticus [presumed mutual]
# Hoolock hoolock names different taxa in the two checklists
  A.Hoolock hoolock = B.Hoolock hoolock hoolock [None]
# Macaca leonina names different taxa in the two checklists
  A.Macaca leonina = B.Macaca nemestrina leonina [None]
# Allochrocebus preussi names different taxa in the two checklists
  A.Allochrocebus preussi = B.Allochrocebus preussi preussi [None]
# Loris tardigradus nordicus names different taxa in the two checklists
  A.Loris tardigradus nordicus = B.Loris lydekkerianus nordicus [None]
# Trachypithecus phayrei phayrei names different taxa in the two checklists
  B.Trachypithecus phayrei phayrei = A.Trachypithecus barbei [None]
# Loris lydekkerianus malabaricus names different taxa in the two checklists
  A.Loris lydekkerianus malabaricus = B.Loris tardigradus malabaricus [None]
# Callicebus nigrifrons names different taxa in the two checklists
  B.Callicebus nigrifrons = A.Callicebus personatus nigrifrons [None]
# Allochrocebus preussi preussi names different taxa in the two checklists
  B.Allochrocebus preussi preussi = A.Allochrocebus preussi [None]
# Carlito syrichta names different taxa in the two checklists
  A.Carlito syrichta = B.Carlito syrichta syrichta [None]
# Paragalago zanzibaricus names different taxa in the two checklists
  B.Paragalago zanzibaricus = A.Galagoides zanzibaricus [None]
